<?xml version="1.0" encoding="UTF-8"?>
<!-- Generated by org.testng.reporters.JUnitXMLReporter -->
<testsuite hostname="5CD138MBF9" ignored="0" name="Nopackage" tests="1" failures="1" timestamp="2021-11-29T11:23:48 IST" time="27.87" errors="0">
  <testcase name="loginTest" time="16.08" classname="org.cbsl.testcases.TC_AddEmployee">
    <failure type="java.lang.AssertionError" message="expected [false] but found [true]">
      <![CDATA[java.lang.AssertionError: expected [false] but found [true]
at org.cbsl.testcases.TC_AddEmployee.loginTest(TC_AddEmployee.java:36)
at java.util.ArrayList.forEach(ArrayList.java:1259)
... Removed 37 stack frames]]>
    </failure>
  </testcase> <!-- loginTest -->
</testsuite> <!-- Nopackage -->
