<?xml version="1.0" encoding="UTF-8"?>
<testng-results skipped="0" failed="0" ignored="0" total="2" passed="2">
  <reporter-output>
  </reporter-output>
  <suite name="Suite1" duration-ms="144049" started-at="2022-02-23T12:03:53 IST" finished-at="2022-02-23T12:06:17 IST">
    <groups>
    </groups>
    <test name="ChromeTest" duration-ms="127039" started-at="2022-02-23T12:03:53 IST" finished-at="2022-02-23T12:06:00 IST">
      <class name="org.cbsl.testcases.TC_AddEmployee">
        <test-method status="PASS" signature="setReport()[pri:0, instance:org.cbsl.testcases.TC_AddEmployee@29ba4338]" name="setReport" is-config="true" duration-ms="94" started-at="2022-02-23T12:03:53 IST" finished-at="2022-02-23T12:03:53 IST">
          <reporter-output>
          </reporter-output>
        </test-method> <!-- setReport -->
        <test-method status="PASS" signature="launch(java.lang.reflect.Method,java.lang.String)[pri:0, instance:org.cbsl.testcases.TC_AddEmployee@29ba4338]" name="launch" is-config="true" duration-ms="65925" started-at="2022-02-23T12:03:53 IST" finished-at="2022-02-23T12:04:59 IST">
          <params>
            <param index="0">
              <value>
                <![CDATA[public void org.cbsl.testcases.TC_AddEmployee.testcase001_loginTest() throws java.lang.Exception]]>
              </value>
            </param>
            <param index="1">
              <value>
                <![CDATA[chrome]]>
              </value>
            </param>
          </params>
          <reporter-output>
          </reporter-output>
        </test-method> <!-- launch -->
        <test-method status="PASS" signature="testcase001_loginTest()[pri:1, instance:org.cbsl.testcases.TC_AddEmployee@29ba4338]" name="testcase001_loginTest" duration-ms="60552" started-at="2022-02-23T12:04:59 IST" finished-at="2022-02-23T12:06:00 IST">
          <reporter-output>
          </reporter-output>
        </test-method> <!-- testcase001_loginTest -->
        <test-method status="PASS" signature="getResult(org.testng.ITestResult)[pri:0, instance:org.cbsl.testcases.TC_AddEmployee@29ba4338]" name="getResult" is-config="true" duration-ms="2" started-at="2022-02-23T12:06:00 IST" finished-at="2022-02-23T12:06:00 IST">
          <params>
            <param index="0">
              <value>
                <![CDATA[[TestResult name=testcase001_loginTest status=SUCCESS method=TC_AddEmployee.testcase001_loginTest()[pri:1, instance:org.cbsl.testcases.TC_AddEmployee@29ba4338] output={null}]]]>
              </value>
            </param>
          </params>
          <reporter-output>
          </reporter-output>
        </test-method> <!-- getResult -->
        <test-method status="PASS" signature="endReport()[pri:0, instance:org.cbsl.testcases.TC_AddEmployee@29ba4338]" name="endReport" is-config="true" duration-ms="435" started-at="2022-02-23T12:06:00 IST" finished-at="2022-02-23T12:06:00 IST">
          <reporter-output>
          </reporter-output>
        </test-method> <!-- endReport -->
      </class> <!-- org.cbsl.testcases.TC_AddEmployee -->
    </test> <!-- ChromeTest -->
    <test name="EdgeTest" duration-ms="144049" started-at="2022-02-23T12:03:53 IST" finished-at="2022-02-23T12:06:17 IST">
      <class name="org.cbsl.testcases.TC_AddEmployee">
        <test-method status="PASS" signature="setReport()[pri:0, instance:org.cbsl.testcases.TC_AddEmployee@75c072cb]" name="setReport" is-config="true" duration-ms="94" started-at="2022-02-23T12:03:53 IST" finished-at="2022-02-23T12:03:53 IST">
          <reporter-output>
          </reporter-output>
        </test-method> <!-- setReport -->
        <test-method status="PASS" signature="launch(java.lang.reflect.Method,java.lang.String)[pri:0, instance:org.cbsl.testcases.TC_AddEmployee@75c072cb]" name="launch" is-config="true" duration-ms="67482" started-at="2022-02-23T12:03:53 IST" finished-at="2022-02-23T12:05:01 IST">
          <params>
            <param index="0">
              <value>
                <![CDATA[public void org.cbsl.testcases.TC_AddEmployee.testcase001_loginTest() throws java.lang.Exception]]>
              </value>
            </param>
            <param index="1">
              <value>
                <![CDATA[edge]]>
              </value>
            </param>
          </params>
          <reporter-output>
          </reporter-output>
        </test-method> <!-- launch -->
        <test-method status="PASS" signature="testcase001_loginTest()[pri:1, instance:org.cbsl.testcases.TC_AddEmployee@75c072cb]" name="testcase001_loginTest" duration-ms="76387" started-at="2022-02-23T12:05:01 IST" finished-at="2022-02-23T12:06:17 IST">
          <reporter-output>
          </reporter-output>
        </test-method> <!-- testcase001_loginTest -->
        <test-method status="PASS" signature="getResult(org.testng.ITestResult)[pri:0, instance:org.cbsl.testcases.TC_AddEmployee@75c072cb]" name="getResult" is-config="true" duration-ms="1" started-at="2022-02-23T12:06:17 IST" finished-at="2022-02-23T12:06:17 IST">
          <params>
            <param index="0">
              <value>
                <![CDATA[[TestResult name=testcase001_loginTest status=SUCCESS method=TC_AddEmployee.testcase001_loginTest()[pri:1, instance:org.cbsl.testcases.TC_AddEmployee@75c072cb] output={null}]]]>
              </value>
            </param>
          </params>
          <reporter-output>
          </reporter-output>
        </test-method> <!-- getResult -->
        <test-method status="PASS" signature="endReport()[pri:0, instance:org.cbsl.testcases.TC_AddEmployee@75c072cb]" name="endReport" is-config="true" duration-ms="61" started-at="2022-02-23T12:06:17 IST" finished-at="2022-02-23T12:06:17 IST">
          <reporter-output>
          </reporter-output>
        </test-method> <!-- endReport -->
      </class> <!-- org.cbsl.testcases.TC_AddEmployee -->
    </test> <!-- EdgeTest -->
  </suite> <!-- Suite1 -->
</testng-results>
