<?xml version="1.0" encoding="UTF-8"?>
<testng-results skipped="0" failed="0" ignored="0" total="1" passed="1">
  <reporter-output>
  </reporter-output>
  <suite name="Suite1" duration-ms="148049" started-at="2022-02-21T17:16:59 IST" finished-at="2022-02-21T17:19:27 IST">
    <groups>
    </groups>
    <test name="ChromeTest" duration-ms="148049" started-at="2022-02-21T17:16:59 IST" finished-at="2022-02-21T17:19:27 IST">
      <class name="org.cbsl.testcases.TC_AddEmployee">
        <test-method status="PASS" signature="setReport()[pri:0, instance:org.cbsl.testcases.TC_AddEmployee@1530c739]" name="setReport" is-config="true" duration-ms="92" started-at="2022-02-21T17:16:59 IST" finished-at="2022-02-21T17:16:59 IST">
          <reporter-output>
          </reporter-output>
        </test-method> <!-- setReport -->
        <test-method status="PASS" signature="launch(java.lang.reflect.Method,java.lang.String)[pri:0, instance:org.cbsl.testcases.TC_AddEmployee@1530c739]" name="launch" is-config="true" duration-ms="45989" started-at="2022-02-21T17:16:59 IST" finished-at="2022-02-21T17:17:45 IST">
          <params>
            <param index="0">
              <value>
                <![CDATA[public void org.cbsl.testcases.TC_AddEmployee.testcase001_loginTest() throws java.lang.Exception]]>
              </value>
            </param>
            <param index="1">
              <value>
                <![CDATA[chrome]]>
              </value>
            </param>
          </params>
          <reporter-output>
          </reporter-output>
        </test-method> <!-- launch -->
        <test-method status="PASS" signature="testcase001_loginTest()[pri:1, instance:org.cbsl.testcases.TC_AddEmployee@1530c739]" name="testcase001_loginTest" duration-ms="101368" started-at="2022-02-21T17:17:45 IST" finished-at="2022-02-21T17:19:26 IST">
          <reporter-output>
          </reporter-output>
        </test-method> <!-- testcase001_loginTest -->
        <test-method status="PASS" signature="getResult(org.testng.ITestResult)[pri:0, instance:org.cbsl.testcases.TC_AddEmployee@1530c739]" name="getResult" is-config="true" duration-ms="9" started-at="2022-02-21T17:19:27 IST" finished-at="2022-02-21T17:19:27 IST">
          <params>
            <param index="0">
              <value>
                <![CDATA[[TestResult name=testcase001_loginTest status=SUCCESS method=TC_AddEmployee.testcase001_loginTest()[pri:1, instance:org.cbsl.testcases.TC_AddEmployee@1530c739] output={null}]]]>
              </value>
            </param>
          </params>
          <reporter-output>
          </reporter-output>
        </test-method> <!-- getResult -->
        <test-method status="PASS" signature="endReport()[pri:0, instance:org.cbsl.testcases.TC_AddEmployee@1530c739]" name="endReport" is-config="true" duration-ms="553" started-at="2022-02-21T17:19:27 IST" finished-at="2022-02-21T17:19:27 IST">
          <reporter-output>
          </reporter-output>
        </test-method> <!-- endReport -->
      </class> <!-- org.cbsl.testcases.TC_AddEmployee -->
    </test> <!-- ChromeTest -->
  </suite> <!-- Suite1 -->
</testng-results>
