<?xml version="1.0" encoding="UTF-8"?>
<testng-results skipped="0" failed="0" ignored="0" total="2" passed="2">
  <reporter-output>
  </reporter-output>
  <suite name="Suite1" duration-ms="37399" started-at="2021-12-03T11:17:54 IST" finished-at="2021-12-03T11:18:31 IST">
    <groups>
    </groups>
    <test name="ChromeTest" duration-ms="37399" started-at="2021-12-03T11:17:54 IST" finished-at="2021-12-03T11:18:31 IST">
      <class name="org.cbsl.testcases.TC_AddEmployee">
        <test-method status="PASS" signature="setReport()[pri:0, instance:org.cbsl.testcases.TC_AddEmployee@64485a47]" name="setReport" is-config="true" duration-ms="296" started-at="2021-12-03T11:17:54 IST" finished-at="2021-12-03T11:17:54 IST">
          <reporter-output>
          </reporter-output>
        </test-method> <!-- setReport -->
        <test-method status="PASS" signature="launch(java.lang.reflect.Method,java.lang.String)[pri:0, instance:org.cbsl.testcases.TC_AddEmployee@64485a47]" name="launch" is-config="true" duration-ms="11582" started-at="2021-12-03T11:17:54 IST" finished-at="2021-12-03T11:18:06 IST">
          <params>
            <param index="0">
              <value>
                <![CDATA[public void org.cbsl.testcases.TC_AddEmployee.loginTest()]]>
              </value>
            </param>
            <param index="1">
              <value>
                <![CDATA[chrome]]>
              </value>
            </param>
          </params>
          <reporter-output>
          </reporter-output>
        </test-method> <!-- launch -->
        <test-method status="PASS" signature="loginTest()[pri:0, instance:org.cbsl.testcases.TC_AddEmployee@64485a47]" name="loginTest" duration-ms="14800" started-at="2021-12-03T11:18:06 IST" finished-at="2021-12-03T11:18:21 IST">
          <reporter-output>
          </reporter-output>
        </test-method> <!-- loginTest -->
        <test-method status="PASS" signature="getResult(org.testng.ITestResult)[pri:0, instance:org.cbsl.testcases.TC_AddEmployee@64485a47]" name="getResult" is-config="true" duration-ms="162" started-at="2021-12-03T11:18:21 IST" finished-at="2021-12-03T11:18:21 IST">
          <params>
            <param index="0">
              <value>
                <![CDATA[[TestResult name=loginTest status=SUCCESS method=TC_AddEmployee.loginTest()[pri:0, instance:org.cbsl.testcases.TC_AddEmployee@64485a47] output={null}]]]>
              </value>
            </param>
          </params>
          <reporter-output>
          </reporter-output>
        </test-method> <!-- getResult -->
        <test-method status="PASS" signature="launch(java.lang.reflect.Method,java.lang.String)[pri:0, instance:org.cbsl.testcases.TC_AddEmployee@64485a47]" name="launch" is-config="true" duration-ms="9113" started-at="2021-12-03T11:18:21 IST" finished-at="2021-12-03T11:18:30 IST">
          <params>
            <param index="0">
              <value>
                <![CDATA[public void org.cbsl.testcases.TC_AddEmployee.mYTest()]]>
              </value>
            </param>
            <param index="1">
              <value>
                <![CDATA[chrome]]>
              </value>
            </param>
          </params>
          <reporter-output>
          </reporter-output>
        </test-method> <!-- launch -->
        <test-method status="PASS" signature="mYTest()[pri:0, instance:org.cbsl.testcases.TC_AddEmployee@64485a47]" name="mYTest" duration-ms="1" started-at="2021-12-03T11:18:30 IST" finished-at="2021-12-03T11:18:30 IST">
          <reporter-output>
          </reporter-output>
        </test-method> <!-- mYTest -->
        <test-method status="PASS" signature="getResult(org.testng.ITestResult)[pri:0, instance:org.cbsl.testcases.TC_AddEmployee@64485a47]" name="getResult" is-config="true" duration-ms="212" started-at="2021-12-03T11:18:30 IST" finished-at="2021-12-03T11:18:30 IST">
          <params>
            <param index="0">
              <value>
                <![CDATA[[TestResult name=mYTest status=SUCCESS method=TC_AddEmployee.mYTest()[pri:0, instance:org.cbsl.testcases.TC_AddEmployee@64485a47] output={null}]]]>
              </value>
            </param>
          </params>
          <reporter-output>
          </reporter-output>
        </test-method> <!-- getResult -->
        <test-method status="PASS" signature="endReport()[pri:0, instance:org.cbsl.testcases.TC_AddEmployee@64485a47]" name="endReport" is-config="true" duration-ms="1099" started-at="2021-12-03T11:18:30 IST" finished-at="2021-12-03T11:18:31 IST">
          <reporter-output>
          </reporter-output>
        </test-method> <!-- endReport -->
      </class> <!-- org.cbsl.testcases.TC_AddEmployee -->
    </test> <!-- ChromeTest -->
  </suite> <!-- Suite1 -->
</testng-results>
